[18-Jan-2013 16:03:11 Europe/Paris] PHP Fatal error:  Call to undefined method Ribbit\BusinessLogicLayer\UserManager::loadByUsername() in C:\projects\categories\silex\ribbit\src\Ribbit\Controllers\UserController.php on line 20
[18-Jan-2013 16:05:26 Europe/Paris] PHP Parse error:  syntax error, unexpected '=>' (T_DOUBLE_ARROW) in C:\projects\categories\silex\ribbit\src\Ribbit\DataAccessLayer\DoctrineUserProvider.php on line 45
[18-Jan-2013 16:10:53 Europe/Paris] PHP Fatal error:  Call to undefined method Symfony\Bridge\Monolog\Logger::log() in C:\projects\categories\silex\ribbit\src\Ribbit\Controllers\UserController.php on line 26
[18-Jan-2013 17:56:10 Europe/Paris] PHP Parse error:  syntax error, unexpected 'use' (T_USE), expecting ',' or ';' in C:\projects\categories\silex\ribbit\src\Ribbit\BusinessLogicLayer\UserManager.php on line 14
[18-Jan-2013 18:15:26 Europe/Paris] PHP Fatal error:  Allowed memory size of 134217728 bytes exhausted (tried to allocate 129236992 bytes) in C:\projects\categories\silex\ribbit\src\Ribbit\Controllers\UserController.php on line 66
[18-Jan-2013 18:50:42 Europe/Paris] PHP Warning:  Uncaught exception 'ErrorException' with message 'Notice: Undefined variable: logger in C:\projects\categories\silex\ribbit\src\Ribbit\BusinessLogicLayer\UserManager.php line 46' in C:\projects\categories\silex\ribbit\src\Ribbit\BusinessLogicLayer\UserManager.php:46
Stack trace:
#0 C:\projects\categories\silex\ribbit\src\Ribbit\BusinessLogicLayer\UserManager.php(46): Symfony\Component\HttpKernel\Debug\ErrorHandler->handle(8, 'Undefined varia...', 'C:\projects\cat...', 46, Array)
#1 C:\projects\categories\silex\ribbit\vendor\symfony\security\Symfony\Component\Security\Core\Authentication\Provider\DaoAuthenticationProvider.php(83): Ribbit\BusinessLogicLayer\UserManager->loadUserByUsername('camus')
#2 C:\projects\categories\silex\ribbit\vendor\symfony\security\Symfony\Component\Security\Core\Authentication\Provider\UserAuthenticationProvider.php(67): Symfony\Component\Security\Core\Authentication\Provider\DaoAuthenticationProvider->retrieveUser('camus', Object(Symfony\Component\Security\Core\Authentication\Token in C:\projects\categories\silex\ribbit\src\Ribbit\BusinessLogicLayer\UserManager.php on line 46
[18-Jan-2013 18:50:42 Europe/Paris] PHP Fatal error:  Call to a member function log() on a non-object in C:\projects\categories\silex\ribbit\src\Ribbit\BusinessLogicLayer\UserManager.php on line 46
[18-Jan-2013 18:52:37 Europe/Paris] PHP Warning:  Uncaught exception 'ErrorException' with message 'Notice: Undefined variable: logger in C:\projects\categories\silex\ribbit\src\Ribbit\BusinessLogicLayer\UserManager.php line 47' in C:\projects\categories\silex\ribbit\src\Ribbit\BusinessLogicLayer\UserManager.php:47
Stack trace:
#0 C:\projects\categories\silex\ribbit\src\Ribbit\BusinessLogicLayer\UserManager.php(47): Symfony\Component\HttpKernel\Debug\ErrorHandler->handle(8, 'Undefined varia...', 'C:\projects\cat...', 47, Array)
#1 C:\projects\categories\silex\ribbit\vendor\symfony\security\Symfony\Component\Security\Core\Authentication\Provider\DaoAuthenticationProvider.php(83): Ribbit\BusinessLogicLayer\UserManager->loadUserByUsername('camus')
#2 C:\projects\categories\silex\ribbit\vendor\symfony\security\Symfony\Component\Security\Core\Authentication\Provider\UserAuthenticationProvider.php(67): Symfony\Component\Security\Core\Authentication\Provider\DaoAuthenticationProvider->retrieveUser('camus', Object(Symfony\Component\Security\Core\Authentication\Token in C:\projects\categories\silex\ribbit\src\Ribbit\BusinessLogicLayer\UserManager.php on line 47
[18-Jan-2013 18:52:37 Europe/Paris] PHP Fatal error:  Call to a member function log() on a non-object in C:\projects\categories\silex\ribbit\src\Ribbit\BusinessLogicLayer\UserManager.php on line 47
[18-Jan-2013 18:59:57 Europe/Paris] PHP Fatal error:  Call to undefined method Symfony\Bridge\Monolog\Logger::log() in C:\projects\categories\silex\ribbit\src\Ribbit\BusinessLogicLayer\UserManager.php on line 42
[18-Jan-2013 19:41:45 Europe/Paris] PHP Fatal error:  Interface 'Ribbit\Controllers\Admin\Silex\ControllerProviderInterface' not found in C:\projects\categories\silex\ribbit\src\Ribbit\Controllers\Admin\UserAdminController.php on line 9
[18-Jan-2013 19:53:04 Europe/Paris] PHP Fatal error:  Call to undefined method Symfony\Component\Security\Core\Authentication\Token\UsernamePasswordToken::getUrser() in C:\projects\categories\silex\ribbit\src\Ribbit\Controllers\Admin\UserAdminController.php on line 16
